Using pre-set license
Built from '2020.3/release' branch; Version is '2020.3.7f1 (dd97f2c94397) revision 14522354'; Using compiler version '192528614'; Build Type 'Release'
OS: 'Windows 10 Pro; OS build 18362.836; Version 1903; 64bit' Language: 'ru' Physical Memory: 8140 MB
BatchMode: 1, IsHumanControllingUs: 0, StartBugReporterOnCrash: 0, Is64bit: 1, IsPro: 0

 COMMAND LINE ARGUMENTS:
D:\Program Files (x86)\Unity Hub\Editor\2020.3.7f1\Editor\Unity.exe
-adb2
-batchMode
-noUpm
-name
AssetImportWorker0
-projectPath
D:/Temp/Unity Projects/MetroRushHour/MetroRushHour
-logFile
Logs/AssetImportWorker0.log
-srvPort
51456
Successfully changed project path to: D:/Temp/Unity Projects/MetroRushHour/MetroRushHour
D:/Temp/Unity Projects/MetroRushHour/MetroRushHour
Using Asset Import Pipeline V2.
Refreshing native plugins compatible for Editor in 50.57 ms, found 0 plugins.
Preloading 0 native plugins for Editor in 0.00 ms.
Initialize engine version: 2020.3.7f1 (dd97f2c94397)
[Subsystems] Discovering subsystems at path D:/Program Files (x86)/Unity Hub/Editor/2020.3.7f1/Editor/Data/Resources/UnitySubsystems
[Subsystems] Discovering subsystems at path D:/Temp/Unity Projects/MetroRushHour/MetroRushHour/Assets
GfxDevice: creating device client; threaded=0
Direct3D:
    Version:  Direct3D 11.0 [level 11.1]
    Renderer: Radeon RX 570 Series (ID=0x67df)
    Vendor:   
    VRAM:     4075 MB
    Driver:   27.20.14501.28009
Initialize mono
Mono path[0] = 'D:/Program Files (x86)/Unity Hub/Editor/2020.3.7f1/Editor/Data/Managed'
Mono path[1] = 'D:/Program Files (x86)/Unity Hub/Editor/2020.3.7f1/Editor/Data/MonoBleedingEdge/lib/mono/unityjit'
Mono config path = 'D:/Program Files (x86)/Unity Hub/Editor/2020.3.7f1/Editor/Data/MonoBleedingEdge/etc'
Using monoOptions --debugger-agent=transport=dt_socket,embedding=1,server=y,suspend=n,address=127.0.0.1:56404
Begin MonoManager ReloadAssembly
Registering precompiled unity dll's ...
Register platform support module: D:/Program Files (x86)/Unity Hub/Editor/2020.3.7f1/Editor/Data/PlaybackEngines/WindowsStandaloneSupport/UnityEditor.WindowsStandalone.Extensions.dll
Registered in 0.001130 seconds.
Native extension for WindowsStandalone target not found
Refreshing native plugins compatible for Editor in 55.62 ms, found 0 plugins.
Preloading 0 native plugins for Editor in 0.00 ms.
Mono: successfully reloaded assembly
- Completed reload, in  2.179 seconds
Platform modules already initialized, skipping
Registering precompiled user dll's ...
Registered in 0.001442 seconds.
Begin MonoManager ReloadAssembly
Native extension for WindowsStandalone target not found
Refreshing native plugins compatible for Editor in 57.72 ms, found 0 plugins.
Preloading 0 native plugins for Editor in 0.00 ms.
Mono: successfully reloaded assembly
- Completed reload, in  1.410 seconds
Platform modules already initialized, skipping
========================================================================
Worker process is ready to serve import requests
Shader 'Universal Render Pipeline/Particles/Lit': fallback shader 'Universal Render Pipeline/Particles/SimpleLit' not found
Shader 'Universal Render Pipeline/Particles/Lit': fallback shader 'Universal Render Pipeline/Particles/SimpleLit' not found
Launched and connected shader compiler UnityShaderCompiler.exe after 0.10 seconds
Refreshing native plugins compatible for Editor in 0.52 ms, found 0 plugins.
Preloading 0 native plugins for Editor in 0.00 ms.
Unloading 2576 Unused Serialized files (Serialized files now loaded: 0)
System memory in use before: 118.8 MB.
System memory in use after: 115.9 MB.

Unloading 47 unused Assets to reduce memory usage. Loaded Objects now: 2984.
Total: 5.277200 ms (FindLiveObjects: 0.312800 ms CreateObjectMapping: 0.094600 ms MarkObjects: 2.738400 ms  DeleteObjects: 2.129200 ms)

========================================================================
Received Import Request.
  path: Assets/Scripts/Dann
  artifactKey: Guid(61fcfd3e72645ad478e2c1996bb36163) Importer(815301076,1909f56bfc062723c751e8b465ee728b)
Start importing Assets/Scripts/Dann using Guid(61fcfd3e72645ad478e2c1996bb36163) Importer(815301076,1909f56bfc062723c751e8b465ee728b)  -> (artifact id: 'e064169782b46e4efdaaae5f142cc0a5') in 0.009585 seconds
  Import took 0.041283 seconds .

========================================================================
Received Import Request.
  Time since last request: 21.769751 seconds.
  path: Assets/Scripts/Dann/PoliceMovement.cs
  artifactKey: Guid(a63272569e5f420479eab4ba43264837) Importer(815301076,1909f56bfc062723c751e8b465ee728b)
Start importing Assets/Scripts/Dann/PoliceMovement.cs using Guid(a63272569e5f420479eab4ba43264837) Importer(815301076,1909f56bfc062723c751e8b465ee728b)  -> (artifact id: 'e693d11b5f18fcd1c722c3779af0b02d') in 0.120517 seconds
  Import took 0.161642 seconds .

========================================================================
Received Prepare
Registering precompiled user dll's ...
Registered in 0.001302 seconds.
Begin MonoManager ReloadAssembly
Native extension for WindowsStandalone target not found
Refreshing native plugins compatible for Editor in 0.50 ms, found 0 plugins.
Preloading 0 native plugins for Editor in 0.00 ms.
Mono: successfully reloaded assembly
- Completed reload, in  1.214 seconds
Platform modules already initialized, skipping
Shader 'Universal Render Pipeline/Particles/Lit': fallback shader 'Universal Render Pipeline/Particles/SimpleLit' not found
Shader 'Universal Render Pipeline/Particles/Lit': fallback shader 'Universal Render Pipeline/Particles/SimpleLit' not found
Refreshing native plugins compatible for Editor in 0.48 ms, found 0 plugins.
Preloading 0 native plugins for Editor in 0.00 ms.
Unloading 2502 Unused Serialized files (Serialized files now loaded: 0)
System memory in use before: 115.2 MB.
System memory in use after: 112.5 MB.

Unloading 42 unused Assets to reduce memory usage. Loaded Objects now: 2988.
Total: 4.675800 ms (FindLiveObjects: 0.311500 ms CreateObjectMapping: 0.070400 ms MarkObjects: 2.091400 ms  DeleteObjects: 2.200800 ms)

========================================================================
Received Import Request.
  Time since last request: 13.999025 seconds.
  path: Assets
  artifactKey: Guid(00000000000000001000000000000000) Importer(815301076,1909f56bfc062723c751e8b465ee728b)
Start importing Assets using Guid(00000000000000001000000000000000) Importer(815301076,1909f56bfc062723c751e8b465ee728b)  -> (artifact id: '5f6a1853b736837ecfb0820a881449cb') in 0.013117 seconds
  Import took 0.039116 seconds .

========================================================================
Received Import Request.
  Time since last request: 8.850539 seconds.
  path: Assets/Prefabs
  artifactKey: Guid(dfd0ad708f9027c4cbb9d5b92cb617d9) Importer(815301076,1909f56bfc062723c751e8b465ee728b)
Start importing Assets/Prefabs using Guid(dfd0ad708f9027c4cbb9d5b92cb617d9) Importer(815301076,1909f56bfc062723c751e8b465ee728b)  -> (artifact id: '6c7ede5f8911dc07b16978468c3d3acc') in 0.002484 seconds
  Import took 0.029983 seconds .

========================================================================
Received Import Request.
  Time since last request: 60.735508 seconds.
  path: Assets/Prefabs/Police.prefab
  artifactKey: Guid(913b1645b793794479df12bdd0de12a9) Importer(815301076,1909f56bfc062723c751e8b465ee728b)
Start importing Assets/Prefabs/Police.prefab using Guid(913b1645b793794479df12bdd0de12a9) Importer(815301076,1909f56bfc062723c751e8b465ee728b)  -> (artifact id: '2b8fb42de8f9bd8a879e23fb31b960bf') in 0.403804 seconds
  Import took 0.430563 seconds .

========================================================================
Received Import Request.
  Time since last request: 18.215551 seconds.
  path: Assets/Prefabs/Police.prefab
  artifactKey: Guid(913b1645b793794479df12bdd0de12a9) Importer(815301076,1909f56bfc062723c751e8b465ee728b)
Start importing Assets/Prefabs/Police.prefab using Guid(913b1645b793794479df12bdd0de12a9) Importer(815301076,1909f56bfc062723c751e8b465ee728b)  -> (artifact id: 'a42542ec5e12413e9fa246ee549ea79b') in 0.013037 seconds
  Import took 0.035788 seconds .

========================================================================
Received Prepare
Registering precompiled user dll's ...
Registered in 0.001398 seconds.
Begin MonoManager ReloadAssembly
Native extension for WindowsStandalone target not found
Refreshing native plugins compatible for Editor in 0.58 ms, found 0 plugins.
Preloading 0 native plugins for Editor in 0.00 ms.
Mono: successfully reloaded assembly
- Completed reload, in  1.339 seconds
Platform modules already initialized, skipping
Shader 'Universal Render Pipeline/Particles/Lit': fallback shader 'Universal Render Pipeline/Particles/SimpleLit' not found
Shader 'Universal Render Pipeline/Particles/Lit': fallback shader 'Universal Render Pipeline/Particles/SimpleLit' not found
Refreshing native plugins compatible for Editor in 0.46 ms, found 0 plugins.
Preloading 0 native plugins for Editor in 0.00 ms.
Unloading 2503 Unused Serialized files (Serialized files now loaded: 0)
System memory in use before: 120.6 MB.
System memory in use after: 117.8 MB.

Unloading 42 unused Assets to reduce memory usage. Loaded Objects now: 3038.
Total: 4.158500 ms (FindLiveObjects: 0.350300 ms CreateObjectMapping: 0.073400 ms MarkObjects: 2.124300 ms  DeleteObjects: 1.608100 ms)

========================================================================
Received Import Request.
  Time since last request: 27.494571 seconds.
  path: Assets/Prefabs/Police.prefab
  artifactKey: Guid(913b1645b793794479df12bdd0de12a9) Importer(815301076,1909f56bfc062723c751e8b465ee728b)
Start importing Assets/Prefabs/Police.prefab using Guid(913b1645b793794479df12bdd0de12a9) Importer(815301076,1909f56bfc062723c751e8b465ee728b)  -> (artifact id: 'a237eda855e3c9fea8097cff94145997') in 0.224270 seconds
  Import took 0.254629 seconds .

========================================================================
Received Prepare
Registering precompiled user dll's ...
Registered in 0.001414 seconds.
Begin MonoManager ReloadAssembly
Native extension for WindowsStandalone target not found
Refreshing native plugins compatible for Editor in 0.62 ms, found 0 plugins.
Preloading 0 native plugins for Editor in 0.00 ms.
Mono: successfully reloaded assembly
- Completed reload, in  1.243 seconds
Platform modules already initialized, skipping
Shader 'Universal Render Pipeline/Particles/Lit': fallback shader 'Universal Render Pipeline/Particles/SimpleLit' not found
Shader 'Universal Render Pipeline/Particles/Lit': fallback shader 'Universal Render Pipeline/Particles/SimpleLit' not found
Refreshing native plugins compatible for Editor in 0.49 ms, found 0 plugins.
Preloading 0 native plugins for Editor in 0.00 ms.
Unloading 2503 Unused Serialized files (Serialized files now loaded: 0)
System memory in use before: 120.7 MB.
System memory in use after: 118.0 MB.

Unloading 42 unused Assets to reduce memory usage. Loaded Objects now: 3077.
Total: 4.985900 ms (FindLiveObjects: 0.359900 ms CreateObjectMapping: 0.086700 ms MarkObjects: 2.651300 ms  DeleteObjects: 1.886000 ms)

========================================================================
Received Prepare
Registering precompiled user dll's ...
Registered in 0.001739 seconds.
Begin MonoManager ReloadAssembly
Native extension for WindowsStandalone target not found
Refreshing native plugins compatible for Editor in 0.95 ms, found 0 plugins.
Preloading 0 native plugins for Editor in 0.00 ms.
Mono: successfully reloaded assembly
- Completed reload, in  1.425 seconds
Platform modules already initialized, skipping
Shader 'Universal Render Pipeline/Particles/Lit': fallback shader 'Universal Render Pipeline/Particles/SimpleLit' not found
Shader 'Universal Render Pipeline/Particles/Lit': fallback shader 'Universal Render Pipeline/Particles/SimpleLit' not found
Refreshing native plugins compatible for Editor in 0.46 ms, found 0 plugins.
Preloading 0 native plugins for Editor in 0.00 ms.
Unloading 2503 Unused Serialized files (Serialized files now loaded: 0)
System memory in use before: 120.8 MB.
System memory in use after: 118.0 MB.

Unloading 42 unused Assets to reduce memory usage. Loaded Objects now: 3080.
Total: 4.806100 ms (FindLiveObjects: 0.324200 ms CreateObjectMapping: 0.082400 ms MarkObjects: 2.520000 ms  DeleteObjects: 1.877800 ms)

========================================================================
Received Prepare
Registering precompiled user dll's ...
Registered in 0.001482 seconds.
Begin MonoManager ReloadAssembly
Native extension for WindowsStandalone target not found
Refreshing native plugins compatible for Editor in 0.49 ms, found 0 plugins.
Preloading 0 native plugins for Editor in 0.00 ms.
Mono: successfully reloaded assembly
- Completed reload, in  1.208 seconds
Platform modules already initialized, skipping
Shader 'Universal Render Pipeline/Particles/Lit': fallback shader 'Universal Render Pipeline/Particles/SimpleLit' not found
Shader 'Universal Render Pipeline/Particles/Lit': fallback shader 'Universal Render Pipeline/Particles/SimpleLit' not found
Refreshing native plugins compatible for Editor in 0.47 ms, found 0 plugins.
Preloading 0 native plugins for Editor in 0.00 ms.
Unloading 2503 Unused Serialized files (Serialized files now loaded: 0)
System memory in use before: 120.7 MB.
System memory in use after: 117.9 MB.

Unloading 42 unused Assets to reduce memory usage. Loaded Objects now: 3083.
Total: 4.869500 ms (FindLiveObjects: 0.369100 ms CreateObjectMapping: 0.116300 ms MarkObjects: 2.485500 ms  DeleteObjects: 1.896800 ms)

========================================================================
Received Import Request.
  Time since last request: 325.396560 seconds.
  path: Assets/Prefabs/Police.prefab
  artifactKey: Guid(913b1645b793794479df12bdd0de12a9) Importer(815301076,1909f56bfc062723c751e8b465ee728b)
Start importing Assets/Prefabs/Police.prefab using Guid(913b1645b793794479df12bdd0de12a9) Importer(815301076,1909f56bfc062723c751e8b465ee728b)  -> (artifact id: '73c48950d73ac369aa085d11cf745e10') in 0.231030 seconds
  Import took 0.256477 seconds .

========================================================================
Received Prepare
Registering precompiled user dll's ...
Registered in 0.001809 seconds.
Begin MonoManager ReloadAssembly
Native extension for WindowsStandalone target not found
Refreshing native plugins compatible for Editor in 0.57 ms, found 0 plugins.
Preloading 0 native plugins for Editor in 0.00 ms.
Mono: successfully reloaded assembly
- Completed reload, in  1.534 seconds
Platform modules already initialized, skipping
Shader 'Universal Render Pipeline/Particles/Lit': fallback shader 'Universal Render Pipeline/Particles/SimpleLit' not found
Shader 'Universal Render Pipeline/Particles/Lit': fallback shader 'Universal Render Pipeline/Particles/SimpleLit' not found
Refreshing native plugins compatible for Editor in 0.59 ms, found 0 plugins.
Preloading 0 native plugins for Editor in 0.00 ms.
Unloading 2503 Unused Serialized files (Serialized files now loaded: 0)
System memory in use before: 120.9 MB.
System memory in use after: 118.1 MB.

Unloading 42 unused Assets to reduce memory usage. Loaded Objects now: 3122.
Total: 6.671700 ms (FindLiveObjects: 0.432100 ms CreateObjectMapping: 0.172300 ms MarkObjects: 3.562600 ms  DeleteObjects: 2.503000 ms)

========================================================================
Received Prepare
Registering precompiled user dll's ...
Registered in 0.001600 seconds.
Begin MonoManager ReloadAssembly
Native extension for WindowsStandalone target not found
Refreshing native plugins compatible for Editor in 0.47 ms, found 0 plugins.
Preloading 0 native plugins for Editor in 0.00 ms.
Mono: successfully reloaded assembly
- Completed reload, in  1.341 seconds
Platform modules already initialized, skipping
Shader 'Universal Render Pipeline/Particles/Lit': fallback shader 'Universal Render Pipeline/Particles/SimpleLit' not found
Shader 'Universal Render Pipeline/Particles/Lit': fallback shader 'Universal Render Pipeline/Particles/SimpleLit' not found
Refreshing native plugins compatible for Editor in 0.51 ms, found 0 plugins.
Preloading 0 native plugins for Editor in 0.00 ms.
Unloading 2503 Unused Serialized files (Serialized files now loaded: 0)
System memory in use before: 120.9 MB.
System memory in use after: 118.2 MB.

Unloading 42 unused Assets to reduce memory usage. Loaded Objects now: 3125.
Total: 5.345600 ms (FindLiveObjects: 0.358100 ms CreateObjectMapping: 0.101100 ms MarkObjects: 2.588100 ms  DeleteObjects: 2.296300 ms)

========================================================================
Received Prepare
Registering precompiled user dll's ...
Registered in 0.001548 seconds.
Begin MonoManager ReloadAssembly
Native extension for WindowsStandalone target not found
Refreshing native plugins compatible for Editor in 0.51 ms, found 0 plugins.
Preloading 0 native plugins for Editor in 0.00 ms.
Mono: successfully reloaded assembly
- Completed reload, in  1.235 seconds
Platform modules already initialized, skipping
Shader 'Universal Render Pipeline/Particles/Lit': fallback shader 'Universal Render Pipeline/Particles/SimpleLit' not found
Shader 'Universal Render Pipeline/Particles/Lit': fallback shader 'Universal Render Pipeline/Particles/SimpleLit' not found
Refreshing native plugins compatible for Editor in 0.48 ms, found 0 plugins.
Preloading 0 native plugins for Editor in 0.00 ms.
Unloading 2503 Unused Serialized files (Serialized files now loaded: 0)
System memory in use before: 121.0 MB.
System memory in use after: 118.2 MB.

Unloading 42 unused Assets to reduce memory usage. Loaded Objects now: 3128.
Total: 5.439200 ms (FindLiveObjects: 0.370200 ms CreateObjectMapping: 0.096900 ms MarkObjects: 2.884400 ms  DeleteObjects: 2.086000 ms)

========================================================================
Received Prepare
Registering precompiled user dll's ...
Registered in 0.001250 seconds.
Begin MonoManager ReloadAssembly
Native extension for WindowsStandalone target not found
Refreshing native plugins compatible for Editor in 0.47 ms, found 0 plugins.
Preloading 0 native plugins for Editor in 0.00 ms.
Mono: successfully reloaded assembly
- Completed reload, in  1.162 seconds
Platform modules already initialized, skipping
Shader 'Universal Render Pipeline/Particles/Lit': fallback shader 'Universal Render Pipeline/Particles/SimpleLit' not found
Shader 'Universal Render Pipeline/Particles/Lit': fallback shader 'Universal Render Pipeline/Particles/SimpleLit' not found
Refreshing native plugins compatible for Editor in 0.49 ms, found 0 plugins.
Preloading 0 native plugins for Editor in 0.00 ms.
Unloading 2503 Unused Serialized files (Serialized files now loaded: 0)
System memory in use before: 120.9 MB.
System memory in use after: 118.2 MB.

Unloading 42 unused Assets to reduce memory usage. Loaded Objects now: 3131.
Total: 5.566700 ms (FindLiveObjects: 0.479300 ms CreateObjectMapping: 0.113400 ms MarkObjects: 2.981300 ms  DeleteObjects: 1.990100 ms)

========================================================================
Received Prepare
Registering precompiled user dll's ...
Registered in 0.001275 seconds.
Begin MonoManager ReloadAssembly
Native extension for WindowsStandalone target not found
Refreshing native plugins compatible for Editor in 0.65 ms, found 0 plugins.
Preloading 0 native plugins for Editor in 0.00 ms.
Mono: successfully reloaded assembly
- Completed reload, in  1.272 seconds
Platform modules already initialized, skipping
Shader 'Universal Render Pipeline/Particles/Lit': fallback shader 'Universal Render Pipeline/Particles/SimpleLit' not found
Shader 'Universal Render Pipeline/Particles/Lit': fallback shader 'Universal Render Pipeline/Particles/SimpleLit' not found
Refreshing native plugins compatible for Editor in 0.49 ms, found 0 plugins.
Preloading 0 native plugins for Editor in 0.00 ms.
Unloading 2503 Unused Serialized files (Serialized files now loaded: 0)
System memory in use before: 120.9 MB.
System memory in use after: 118.1 MB.

Unloading 42 unused Assets to reduce memory usage. Loaded Objects now: 3134.
Total: 5.963600 ms (FindLiveObjects: 0.386700 ms CreateObjectMapping: 0.148800 ms MarkObjects: 3.203100 ms  DeleteObjects: 2.222100 ms)

========================================================================
Received Prepare
Registering precompiled user dll's ...
Registered in 0.001629 seconds.
Begin MonoManager ReloadAssembly
Native extension for WindowsStandalone target not found
Refreshing native plugins compatible for Editor in 0.52 ms, found 0 plugins.
Preloading 0 native plugins for Editor in 0.00 ms.
Mono: successfully reloaded assembly
- Completed reload, in  1.237 seconds
Platform modules already initialized, skipping
Shader 'Universal Render Pipeline/Particles/Lit': fallback shader 'Universal Render Pipeline/Particles/SimpleLit' not found
Shader 'Universal Render Pipeline/Particles/Lit': fallback shader 'Universal Render Pipeline/Particles/SimpleLit' not found
Refreshing native plugins compatible for Editor in 0.56 ms, found 0 plugins.
Preloading 0 native plugins for Editor in 0.00 ms.
Unloading 2503 Unused Serialized files (Serialized files now loaded: 0)
System memory in use before: 120.9 MB.
System memory in use after: 118.2 MB.

Unloading 42 unused Assets to reduce memory usage. Loaded Objects now: 3137.
Total: 5.930400 ms (FindLiveObjects: 0.377900 ms CreateObjectMapping: 0.096000 ms MarkObjects: 2.800200 ms  DeleteObjects: 2.654200 ms)

========================================================================
Received Import Request.
  Time since last request: 2379.445969 seconds.
  path: Assets/Scripts/Lena
  artifactKey: Guid(9d681c8b01f96244a81b3d51303645ad) Importer(815301076,1909f56bfc062723c751e8b465ee728b)
Start importing Assets/Scripts/Lena using Guid(9d681c8b01f96244a81b3d51303645ad) Importer(815301076,1909f56bfc062723c751e8b465ee728b)  -> (artifact id: '5979955df17781c7ffb32b23c5943920') in 0.007916 seconds
  Import took 0.052272 seconds .

========================================================================
Received Import Request.
  Time since last request: 0.886795 seconds.
  path: Assets/Scripts/Lena/ColorScript.cs
  artifactKey: Guid(84799ef521e77f643ae0f4a65719150f) Importer(815301076,1909f56bfc062723c751e8b465ee728b)
Start importing Assets/Scripts/Lena/ColorScript.cs using Guid(84799ef521e77f643ae0f4a65719150f) Importer(815301076,1909f56bfc062723c751e8b465ee728b)  -> (artifact id: '46a4b19cc7f10ba8ae277d30662e72a8') in 0.003354 seconds
  Import took 0.052317 seconds .

========================================================================
Received Import Request.
  Time since last request: 0.021447 seconds.
  path: Assets/Scripts/Lena/ColorScript.cs
  artifactKey: Guid(84799ef521e77f643ae0f4a65719150f) Importer(815301076,1909f56bfc062723c751e8b465ee728b)
Start importing Assets/Scripts/Lena/ColorScript.cs using Guid(84799ef521e77f643ae0f4a65719150f) Importer(815301076,1909f56bfc062723c751e8b465ee728b)  -> (artifact id: '46a4b19cc7f10ba8ae277d30662e72a8') in 0.002646 seconds
  Import took 0.007367 seconds .

========================================================================
Received Import Request.
  Time since last request: 0.383016 seconds.
  path: Assets/Scripts/Lena/SimpleMoveScript.cs
  artifactKey: Guid(67504c279390ed741ab1d12ffe5beb43) Importer(815301076,1909f56bfc062723c751e8b465ee728b)
Start importing Assets/Scripts/Lena/SimpleMoveScript.cs using Guid(67504c279390ed741ab1d12ffe5beb43) Importer(815301076,1909f56bfc062723c751e8b465ee728b)  -> (artifact id: '1a56f45022c72e57f95c5aa5d9c3a249') in 0.003324 seconds
  Import took 0.026985 seconds .

========================================================================
Received Import Request.
  Time since last request: 0.595298 seconds.
  path: Assets/Scripts/Lena/TargetScript.cs
  artifactKey: Guid(6411e235ad979864593cafdc4004fd13) Importer(815301076,1909f56bfc062723c751e8b465ee728b)
Start importing Assets/Scripts/Lena/TargetScript.cs using Guid(6411e235ad979864593cafdc4004fd13) Importer(815301076,1909f56bfc062723c751e8b465ee728b)  -> (artifact id: 'c66f9a5c12df6a21a02f8ea4308d39e6') in 0.003165 seconds
  Import took 0.029197 seconds .

========================================================================
Received Import Request.
  Time since last request: 18.957307 seconds.
  path: Assets/Scripts/Lena/GameManager.cs
  artifactKey: Guid(e1b1318b98f10f6489762c53df3c75e5) Importer(815301076,1909f56bfc062723c751e8b465ee728b)
Start importing Assets/Scripts/Lena/GameManager.cs using Guid(e1b1318b98f10f6489762c53df3c75e5) Importer(815301076,1909f56bfc062723c751e8b465ee728b)  -> (artifact id: '2b192046397f5153bbdcc28936c67d37') in 0.004272 seconds
  Import took 0.041235 seconds .

========================================================================
Received Import Request.
  Time since last request: 18.842917 seconds.
  path: Assets/Scripts/Lena/TestPlayerScript.cs
  artifactKey: Guid(86222d63109a8a0428c9d6cb8fe53224) Importer(815301076,1909f56bfc062723c751e8b465ee728b)
Start importing Assets/Scripts/Lena/TestPlayerScript.cs using Guid(86222d63109a8a0428c9d6cb8fe53224) Importer(815301076,1909f56bfc062723c751e8b465ee728b)  -> (artifact id: 'e2049d58f18270d649e20dfcb4733cdf') in 0.002610 seconds
  Import took 0.029029 seconds .

========================================================================
Received Import Request.
  Time since last request: 806.148990 seconds.
  path: Assets/Scripts/Dann/ColorChange.cs
  artifactKey: Guid(38352f52983abda43a2422ed1e816352) Importer(815301076,1909f56bfc062723c751e8b465ee728b)
Start importing Assets/Scripts/Dann/ColorChange.cs using Guid(38352f52983abda43a2422ed1e816352) Importer(815301076,1909f56bfc062723c751e8b465ee728b)  -> (artifact id: '308d59d30af77d2bde46f93d19550c20') in 0.003774 seconds
  Import took 0.036560 seconds .

========================================================================
Received Prepare
Registering precompiled user dll's ...
Registered in 0.001749 seconds.
Begin MonoManager ReloadAssembly
Native extension for WindowsStandalone target not found
Refreshing native plugins compatible for Editor in 0.52 ms, found 0 plugins.
Preloading 0 native plugins for Editor in 0.00 ms.
Mono: successfully reloaded assembly
- Completed reload, in  1.252 seconds
Platform modules already initialized, skipping
Shader 'Universal Render Pipeline/Particles/Lit': fallback shader 'Universal Render Pipeline/Particles/SimpleLit' not found
Shader 'Universal Render Pipeline/Particles/Lit': fallback shader 'Universal Render Pipeline/Particles/SimpleLit' not found
Refreshing native plugins compatible for Editor in 0.60 ms, found 0 plugins.
Preloading 0 native plugins for Editor in 0.00 ms.
Unloading 2504 Unused Serialized files (Serialized files now loaded: 0)
System memory in use before: 121.0 MB.
System memory in use after: 118.2 MB.

Unloading 42 unused Assets to reduce memory usage. Loaded Objects now: 3141.
Total: 5.211200 ms (FindLiveObjects: 0.407600 ms CreateObjectMapping: 0.109200 ms MarkObjects: 2.565400 ms  DeleteObjects: 2.126700 ms)

========================================================================
Received Prepare
Registering precompiled user dll's ...
Registered in 0.001531 seconds.
Begin MonoManager ReloadAssembly
Native extension for WindowsStandalone target not found
Refreshing native plugins compatible for Editor in 0.56 ms, found 0 plugins.
Preloading 0 native plugins for Editor in 0.00 ms.
Mono: successfully reloaded assembly
- Completed reload, in  1.397 seconds
Platform modules already initialized, skipping
Shader 'Universal Render Pipeline/Particles/Lit': fallback shader 'Universal Render Pipeline/Particles/SimpleLit' not found
Shader 'Universal Render Pipeline/Particles/Lit': fallback shader 'Universal Render Pipeline/Particles/SimpleLit' not found
Refreshing native plugins compatible for Editor in 0.59 ms, found 0 plugins.
Preloading 0 native plugins for Editor in 0.00 ms.
Unloading 2504 Unused Serialized files (Serialized files now loaded: 0)
System memory in use before: 121.0 MB.
System memory in use after: 118.2 MB.

Unloading 42 unused Assets to reduce memory usage. Loaded Objects now: 3144.
Total: 5.392200 ms (FindLiveObjects: 0.390000 ms CreateObjectMapping: 0.097700 ms MarkObjects: 2.916800 ms  DeleteObjects: 1.985900 ms)

========================================================================
Received Prepare
Registering precompiled user dll's ...
Registered in 0.001385 seconds.
Begin MonoManager ReloadAssembly
Native extension for WindowsStandalone target not found
Refreshing native plugins compatible for Editor in 0.68 ms, found 0 plugins.
Preloading 0 native plugins for Editor in 0.00 ms.
Mono: successfully reloaded assembly
- Completed reload, in  1.466 seconds
Platform modules already initialized, skipping
Shader 'Universal Render Pipeline/Particles/Lit': fallback shader 'Universal Render Pipeline/Particles/SimpleLit' not found
Shader 'Universal Render Pipeline/Particles/Lit': fallback shader 'Universal Render Pipeline/Particles/SimpleLit' not found
Refreshing native plugins compatible for Editor in 0.50 ms, found 0 plugins.
Preloading 0 native plugins for Editor in 0.00 ms.
Unloading 2504 Unused Serialized files (Serialized files now loaded: 0)
System memory in use before: 121.0 MB.
System memory in use after: 118.2 MB.

Unloading 42 unused Assets to reduce memory usage. Loaded Objects now: 3147.
Total: 7.965900 ms (FindLiveObjects: 0.414000 ms CreateObjectMapping: 0.347600 ms MarkObjects: 5.214900 ms  DeleteObjects: 1.986800 ms)

========================================================================
Received Prepare
Registering precompiled user dll's ...
Registered in 0.003192 seconds.
Begin MonoManager ReloadAssembly
Native extension for WindowsStandalone target not found
Refreshing native plugins compatible for Editor in 0.47 ms, found 0 plugins.
Preloading 0 native plugins for Editor in 0.00 ms.
Mono: successfully reloaded assembly
- Completed reload, in  1.397 seconds
Platform modules already initialized, skipping
Shader 'Universal Render Pipeline/Particles/Lit': fallback shader 'Universal Render Pipeline/Particles/SimpleLit' not found
Shader 'Universal Render Pipeline/Particles/Lit': fallback shader 'Universal Render Pipeline/Particles/SimpleLit' not found
Refreshing native plugins compatible for Editor in 0.47 ms, found 0 plugins.
Preloading 0 native plugins for Editor in 0.00 ms.
Unloading 2504 Unused Serialized files (Serialized files now loaded: 0)
System memory in use before: 120.9 MB.
System memory in use after: 118.1 MB.

Unloading 42 unused Assets to reduce memory usage. Loaded Objects now: 3150.
Total: 5.662200 ms (FindLiveObjects: 0.386000 ms CreateObjectMapping: 0.092900 ms MarkObjects: 2.864500 ms  DeleteObjects: 2.315900 ms)

========================================================================
Received Prepare
Registering precompiled user dll's ...
Registered in 0.001347 seconds.
Begin MonoManager ReloadAssembly
Native extension for WindowsStandalone target not found
Refreshing native plugins compatible for Editor in 0.49 ms, found 0 plugins.
Preloading 0 native plugins for Editor in 0.00 ms.
Mono: successfully reloaded assembly
- Completed reload, in  1.312 seconds
Platform modules already initialized, skipping
Shader 'Universal Render Pipeline/Particles/Lit': fallback shader 'Universal Render Pipeline/Particles/SimpleLit' not found
Shader 'Universal Render Pipeline/Particles/Lit': fallback shader 'Universal Render Pipeline/Particles/SimpleLit' not found
Refreshing native plugins compatible for Editor in 0.52 ms, found 0 plugins.
Preloading 0 native plugins for Editor in 0.00 ms.
Unloading 2504 Unused Serialized files (Serialized files now loaded: 0)
System memory in use before: 121.0 MB.
System memory in use after: 118.2 MB.

Unloading 42 unused Assets to reduce memory usage. Loaded Objects now: 3153.
Total: 5.216300 ms (FindLiveObjects: 0.439300 ms CreateObjectMapping: 0.104500 ms MarkObjects: 2.304400 ms  DeleteObjects: 2.366000 ms)

========================================================================
Received Prepare
Registering precompiled user dll's ...
Registered in 0.001487 seconds.
Begin MonoManager ReloadAssembly
Native extension for WindowsStandalone target not found
Refreshing native plugins compatible for Editor in 0.53 ms, found 0 plugins.
Preloading 0 native plugins for Editor in 0.00 ms.
Mono: successfully reloaded assembly
- Completed reload, in  1.277 seconds
Platform modules already initialized, skipping
Shader 'Universal Render Pipeline/Particles/Lit': fallback shader 'Universal Render Pipeline/Particles/SimpleLit' not found
Shader 'Universal Render Pipeline/Particles/Lit': fallback shader 'Universal Render Pipeline/Particles/SimpleLit' not found
Refreshing native plugins compatible for Editor in 0.49 ms, found 0 plugins.
Preloading 0 native plugins for Editor in 0.00 ms.
Unloading 2504 Unused Serialized files (Serialized files now loaded: 0)
System memory in use before: 121.0 MB.
System memory in use after: 118.2 MB.

Unloading 42 unused Assets to reduce memory usage. Loaded Objects now: 3156.
Total: 5.802300 ms (FindLiveObjects: 0.355500 ms CreateObjectMapping: 0.087900 ms MarkObjects: 2.950100 ms  DeleteObjects: 2.406900 ms)

========================================================================
Received Prepare
Registering precompiled user dll's ...
Registered in 0.001387 seconds.
Begin MonoManager ReloadAssembly
Native extension for WindowsStandalone target not found
Refreshing native plugins compatible for Editor in 0.49 ms, found 0 plugins.
Preloading 0 native plugins for Editor in 0.00 ms.
Mono: successfully reloaded assembly
- Completed reload, in  1.285 seconds
Platform modules already initialized, skipping
Shader 'Universal Render Pipeline/Particles/Lit': fallback shader 'Universal Render Pipeline/Particles/SimpleLit' not found
Shader 'Universal Render Pipeline/Particles/Lit': fallback shader 'Universal Render Pipeline/Particles/SimpleLit' not found
Refreshing native plugins compatible for Editor in 0.64 ms, found 0 plugins.
Preloading 0 native plugins for Editor in 0.00 ms.
Unloading 2504 Unused Serialized files (Serialized files now loaded: 0)
System memory in use before: 121.0 MB.
System memory in use after: 118.3 MB.

Unloading 42 unused Assets to reduce memory usage. Loaded Objects now: 3159.
Total: 6.139900 ms (FindLiveObjects: 0.406400 ms CreateObjectMapping: 0.091500 ms MarkObjects: 3.369800 ms  DeleteObjects: 2.270100 ms)

========================================================================
Received Prepare
Registering precompiled user dll's ...
Registered in 0.001516 seconds.
Begin MonoManager ReloadAssembly
Native extension for WindowsStandalone target not found
Refreshing native plugins compatible for Editor in 0.57 ms, found 0 plugins.
Preloading 0 native plugins for Editor in 0.00 ms.
Mono: successfully reloaded assembly
- Completed reload, in  1.441 seconds
Platform modules already initialized, skipping
Shader 'Universal Render Pipeline/Particles/Lit': fallback shader 'Universal Render Pipeline/Particles/SimpleLit' not found
Shader 'Universal Render Pipeline/Particles/Lit': fallback shader 'Universal Render Pipeline/Particles/SimpleLit' not found
Refreshing native plugins compatible for Editor in 0.49 ms, found 0 plugins.
Preloading 0 native plugins for Editor in 0.00 ms.
Unloading 2504 Unused Serialized files (Serialized files now loaded: 0)
System memory in use before: 121.1 MB.
System memory in use after: 118.3 MB.

Unloading 42 unused Assets to reduce memory usage. Loaded Objects now: 3162.
Total: 6.411000 ms (FindLiveObjects: 0.773700 ms CreateObjectMapping: 0.155600 ms MarkObjects: 2.674000 ms  DeleteObjects: 2.804600 ms)

========================================================================
Received Prepare
Registering precompiled user dll's ...
Registered in 0.001398 seconds.
Begin MonoManager ReloadAssembly
Native extension for WindowsStandalone target not found
Refreshing native plugins compatible for Editor in 0.46 ms, found 0 plugins.
Preloading 0 native plugins for Editor in 0.00 ms.
Mono: successfully reloaded assembly
- Completed reload, in  1.474 seconds
Platform modules already initialized, skipping
Shader 'Universal Render Pipeline/Particles/Lit': fallback shader 'Universal Render Pipeline/Particles/SimpleLit' not found
Shader 'Universal Render Pipeline/Particles/Lit': fallback shader 'Universal Render Pipeline/Particles/SimpleLit' not found
Refreshing native plugins compatible for Editor in 0.46 ms, found 0 plugins.
Preloading 0 native plugins for Editor in 0.00 ms.
Unloading 2504 Unused Serialized files (Serialized files now loaded: 0)
System memory in use before: 121.0 MB.
System memory in use after: 118.2 MB.

Unloading 42 unused Assets to reduce memory usage. Loaded Objects now: 3165.
Total: 4.776000 ms (FindLiveObjects: 0.329400 ms CreateObjectMapping: 0.081700 ms MarkObjects: 2.525100 ms  DeleteObjects: 1.838300 ms)

========================================================================
Received Prepare
Registering precompiled user dll's ...
Registered in 0.001412 seconds.
Begin MonoManager ReloadAssembly
Native extension for WindowsStandalone target not found
Refreshing native plugins compatible for Editor in 0.49 ms, found 0 plugins.
Preloading 0 native plugins for Editor in 0.00 ms.
Mono: successfully reloaded assembly
- Completed reload, in  1.356 seconds
Platform modules already initialized, skipping
Shader 'Universal Render Pipeline/Particles/Lit': fallback shader 'Universal Render Pipeline/Particles/SimpleLit' not found
Shader 'Universal Render Pipeline/Particles/Lit': fallback shader 'Universal Render Pipeline/Particles/SimpleLit' not found
Refreshing native plugins compatible for Editor in 0.48 ms, found 0 plugins.
Preloading 0 native plugins for Editor in 0.00 ms.
Unloading 2504 Unused Serialized files (Serialized files now loaded: 0)
System memory in use before: 121.1 MB.
System memory in use after: 118.3 MB.

Unloading 42 unused Assets to reduce memory usage. Loaded Objects now: 3168.
Total: 5.302300 ms (FindLiveObjects: 0.378200 ms CreateObjectMapping: 0.090100 ms MarkObjects: 2.583400 ms  DeleteObjects: 2.248000 ms)

========================================================================
Received Prepare
Registering precompiled user dll's ...
Registered in 0.001488 seconds.
Begin MonoManager ReloadAssembly
Native extension for WindowsStandalone target not found
Refreshing native plugins compatible for Editor in 0.49 ms, found 0 plugins.
Preloading 0 native plugins for Editor in 0.00 ms.
Mono: successfully reloaded assembly
- Completed reload, in  1.304 seconds
Platform modules already initialized, skipping
Shader 'Universal Render Pipeline/Particles/Lit': fallback shader 'Universal Render Pipeline/Particles/SimpleLit' not found
Shader 'Universal Render Pipeline/Particles/Lit': fallback shader 'Universal Render Pipeline/Particles/SimpleLit' not found
Refreshing native plugins compatible for Editor in 0.49 ms, found 0 plugins.
Preloading 0 native plugins for Editor in 0.00 ms.
Unloading 2504 Unused Serialized files (Serialized files now loaded: 0)
System memory in use before: 121.1 MB.
System memory in use after: 118.3 MB.

Unloading 42 unused Assets to reduce memory usage. Loaded Objects now: 3171.
Total: 6.179100 ms (FindLiveObjects: 0.337600 ms CreateObjectMapping: 0.082600 ms MarkObjects: 3.170200 ms  DeleteObjects: 2.587000 ms)

========================================================================
Received Prepare
Registering precompiled user dll's ...
Registered in 0.001261 seconds.
Begin MonoManager ReloadAssembly
Native extension for WindowsStandalone target not found
Refreshing native plugins compatible for Editor in 0.50 ms, found 0 plugins.
Preloading 0 native plugins for Editor in 0.00 ms.
Mono: successfully reloaded assembly
- Completed reload, in  1.713 seconds
Platform modules already initialized, skipping
Shader 'Universal Render Pipeline/Particles/Lit': fallback shader 'Universal Render Pipeline/Particles/SimpleLit' not found
Shader 'Universal Render Pipeline/Particles/Lit': fallback shader 'Universal Render Pipeline/Particles/SimpleLit' not found
Refreshing native plugins compatible for Editor in 1.05 ms, found 0 plugins.
Preloading 0 native plugins for Editor in 0.00 ms.
Unloading 2504 Unused Serialized files (Serialized files now loaded: 0)
System memory in use before: 121.1 MB.
System memory in use after: 118.3 MB.

Unloading 42 unused Assets to reduce memory usage. Loaded Objects now: 3174.
Total: 5.600200 ms (FindLiveObjects: 0.341100 ms CreateObjectMapping: 0.079700 ms MarkObjects: 3.232100 ms  DeleteObjects: 1.945800 ms)

========================================================================
Received Prepare
Registering precompiled user dll's ...
Registered in 0.001508 seconds.
Begin MonoManager ReloadAssembly
Native extension for WindowsStandalone target not found
Refreshing native plugins compatible for Editor in 0.47 ms, found 0 plugins.
Preloading 0 native plugins for Editor in 0.00 ms.
Mono: successfully reloaded assembly
- Completed reload, in  1.414 seconds
Platform modules already initialized, skipping
Shader 'Universal Render Pipeline/Particles/Lit': fallback shader 'Universal Render Pipeline/Particles/SimpleLit' not found
Shader 'Universal Render Pipeline/Particles/Lit': fallback shader 'Universal Render Pipeline/Particles/SimpleLit' not found
Refreshing native plugins compatible for Editor in 0.49 ms, found 0 plugins.
Preloading 0 native plugins for Editor in 0.00 ms.
Unloading 2504 Unused Serialized files (Serialized files now loaded: 0)
System memory in use before: 121.1 MB.
System memory in use after: 118.3 MB.

Unloading 42 unused Assets to reduce memory usage. Loaded Objects now: 3177.
Total: 4.674500 ms (FindLiveObjects: 0.370200 ms CreateObjectMapping: 0.089000 ms MarkObjects: 2.189600 ms  DeleteObjects: 2.023400 ms)

========================================================================
Received Prepare
Registering precompiled user dll's ...
Registered in 0.001685 seconds.
Begin MonoManager ReloadAssembly
Native extension for WindowsStandalone target not found
Refreshing native plugins compatible for Editor in 0.51 ms, found 0 plugins.
Preloading 0 native plugins for Editor in 0.00 ms.
Mono: successfully reloaded assembly
- Completed reload, in  1.500 seconds
Platform modules already initialized, skipping
Shader 'Universal Render Pipeline/Particles/Lit': fallback shader 'Universal Render Pipeline/Particles/SimpleLit' not found
Shader 'Universal Render Pipeline/Particles/Lit': fallback shader 'Universal Render Pipeline/Particles/SimpleLit' not found
Refreshing native plugins compatible for Editor in 0.53 ms, found 0 plugins.
Preloading 0 native plugins for Editor in 0.00 ms.
Unloading 2504 Unused Serialized files (Serialized files now loaded: 0)
System memory in use before: 121.0 MB.
System memory in use after: 118.2 MB.

Unloading 42 unused Assets to reduce memory usage. Loaded Objects now: 3180.
Total: 5.537700 ms (FindLiveObjects: 0.341000 ms CreateObjectMapping: 0.070500 ms MarkObjects: 2.374300 ms  DeleteObjects: 2.750000 ms)

========================================================================
Received Prepare
Registering precompiled user dll's ...
Registered in 0.001755 seconds.
Begin MonoManager ReloadAssembly
Native extension for WindowsStandalone target not found
Refreshing native plugins compatible for Editor in 0.57 ms, found 0 plugins.
Preloading 0 native plugins for Editor in 0.00 ms.
Mono: successfully reloaded assembly
- Completed reload, in  1.313 seconds
Platform modules already initialized, skipping
Shader 'Universal Render Pipeline/Particles/Lit': fallback shader 'Universal Render Pipeline/Particles/SimpleLit' not found
Shader 'Universal Render Pipeline/Particles/Lit': fallback shader 'Universal Render Pipeline/Particles/SimpleLit' not found
Refreshing native plugins compatible for Editor in 0.57 ms, found 0 plugins.
Preloading 0 native plugins for Editor in 0.00 ms.
Unloading 2504 Unused Serialized files (Serialized files now loaded: 0)
System memory in use before: 121.0 MB.
System memory in use after: 118.3 MB.

Unloading 42 unused Assets to reduce memory usage. Loaded Objects now: 3183.
Total: 5.629800 ms (FindLiveObjects: 0.428400 ms CreateObjectMapping: 0.108400 ms MarkObjects: 3.084900 ms  DeleteObjects: 2.005600 ms)

========================================================================
Received Prepare
Registering precompiled user dll's ...
Registered in 0.002069 seconds.
Begin MonoManager ReloadAssembly
Native extension for WindowsStandalone target not found
Refreshing native plugins compatible for Editor in 0.61 ms, found 0 plugins.
Preloading 0 native plugins for Editor in 0.00 ms.
Mono: successfully reloaded assembly
- Completed reload, in  1.909 seconds
Platform modules already initialized, skipping
Shader 'Universal Render Pipeline/Particles/Lit': fallback shader 'Universal Render Pipeline/Particles/SimpleLit' not found
Shader 'Universal Render Pipeline/Particles/Lit': fallback shader 'Universal Render Pipeline/Particles/SimpleLit' not found
Refreshing native plugins compatible for Editor in 0.57 ms, found 0 plugins.
Preloading 0 native plugins for Editor in 0.00 ms.
Unloading 2504 Unused Serialized files (Serialized files now loaded: 0)
System memory in use before: 121.0 MB.
System memory in use after: 118.3 MB.

Unloading 42 unused Assets to reduce memory usage. Loaded Objects now: 3186.
Total: 7.968600 ms (FindLiveObjects: 0.425300 ms CreateObjectMapping: 0.134100 ms MarkObjects: 3.569500 ms  DeleteObjects: 3.837000 ms)

========================================================================
Received Prepare
Registering precompiled user dll's ...
Registered in 0.001666 seconds.
Begin MonoManager ReloadAssembly
Native extension for WindowsStandalone target not found
Refreshing native plugins compatible for Editor in 0.51 ms, found 0 plugins.
Preloading 0 native plugins for Editor in 0.00 ms.
Mono: successfully reloaded assembly
- Completed reload, in  1.382 seconds
Platform modules already initialized, skipping
Shader 'Universal Render Pipeline/Particles/Lit': fallback shader 'Universal Render Pipeline/Particles/SimpleLit' not found
Shader 'Universal Render Pipeline/Particles/Lit': fallback shader 'Universal Render Pipeline/Particles/SimpleLit' not found
Refreshing native plugins compatible for Editor in 0.47 ms, found 0 plugins.
Preloading 0 native plugins for Editor in 0.00 ms.
Unloading 2504 Unused Serialized files (Serialized files now loaded: 0)
System memory in use before: 121.1 MB.
System memory in use after: 118.3 MB.

Unloading 42 unused Assets to reduce memory usage. Loaded Objects now: 3189.
Total: 5.539600 ms (FindLiveObjects: 0.338600 ms CreateObjectMapping: 0.073200 ms MarkObjects: 2.779800 ms  DeleteObjects: 2.345700 ms)

========================================================================
Received Prepare
Registering precompiled user dll's ...
Registered in 0.001325 seconds.
Begin MonoManager ReloadAssembly
Native extension for WindowsStandalone target not found
Refreshing native plugins compatible for Editor in 0.47 ms, found 0 plugins.
Preloading 0 native plugins for Editor in 0.00 ms.
Mono: successfully reloaded assembly
- Completed reload, in  1.317 seconds
Platform modules already initialized, skipping
Shader 'Universal Render Pipeline/Particles/Lit': fallback shader 'Universal Render Pipeline/Particles/SimpleLit' not found
Shader 'Universal Render Pipeline/Particles/Lit': fallback shader 'Universal Render Pipeline/Particles/SimpleLit' not found
Refreshing native plugins compatible for Editor in 0.54 ms, found 0 plugins.
Preloading 0 native plugins for Editor in 0.00 ms.
Unloading 2504 Unused Serialized files (Serialized files now loaded: 0)
System memory in use before: 121.1 MB.
System memory in use after: 118.3 MB.

Unloading 42 unused Assets to reduce memory usage. Loaded Objects now: 3192.
Total: 6.514000 ms (FindLiveObjects: 0.442900 ms CreateObjectMapping: 0.162600 ms MarkObjects: 3.023600 ms  DeleteObjects: 2.882600 ms)

AssetImportWorkerClient::OnTransportError - code=2 error=End of file
