Using pre-set license
Built from '2020.3/release' branch; Version is '2020.3.7f1 (dd97f2c94397) revision 14522354'; Using compiler version '192528614'; Build Type 'Release'
OS: 'Windows 10 Home Single Language; OS build 19041.985; Version 2004; 64bit' Language: 'ru' Physical Memory: 8101 MB
BatchMode: 1, IsHumanControllingUs: 0, StartBugReporterOnCrash: 0, Is64bit: 1, IsPro: 0

 COMMAND LINE ARGUMENTS:
C:\Program Files\Unity\2020.3.7f1\Editor\Unity.exe
-adb2
-batchMode
-noUpm
-name
AssetImportWorker0
-projectPath
C:/Users/Elena/Documents/GitHub/MetroRushHour/MetroRushHour
-logFile
Logs/AssetImportWorker0.log
-srvPort
54044
Successfully changed project path to: C:/Users/Elena/Documents/GitHub/MetroRushHour/MetroRushHour
C:/Users/Elena/Documents/GitHub/MetroRushHour/MetroRushHour
Using Asset Import Pipeline V2.
Refreshing native plugins compatible for Editor in 47.52 ms, found 0 plugins.
Preloading 0 native plugins for Editor in 0.00 ms.
Initialize engine version: 2020.3.7f1 (dd97f2c94397)
[Subsystems] Discovering subsystems at path C:/Program Files/Unity/2020.3.7f1/Editor/Data/Resources/UnitySubsystems
[Subsystems] Discovering subsystems at path C:/Users/Elena/Documents/GitHub/MetroRushHour/MetroRushHour/Assets
GfxDevice: creating device client; threaded=0
Direct3D:
    Version:  Direct3D 11.0 [level 11.1]
    Renderer: NVIDIA GeForce MX150 (ID=0x1d10)
    Vendor:   
    VRAM:     4027 MB
    Driver:   26.21.14.3630
Shader 'Universal Render Pipeline/Particles/Lit': fallback shader 'Universal Render Pipeline/Particles/SimpleLit' not found
Initialize mono
Mono path[0] = 'C:/Program Files/Unity/2020.3.7f1/Editor/Data/Managed'
Mono path[1] = 'C:/Program Files/Unity/2020.3.7f1/Editor/Data/MonoBleedingEdge/lib/mono/unityjit'
Mono config path = 'C:/Program Files/Unity/2020.3.7f1/Editor/Data/MonoBleedingEdge/etc'
Using monoOptions --debugger-agent=transport=dt_socket,embedding=1,server=y,suspend=n,address=127.0.0.1:56944
Begin MonoManager ReloadAssembly
Registering precompiled unity dll's ...
Register platform support module: C:/Program Files/Unity/2020.3.7f1/Editor/Data/PlaybackEngines/WindowsStandaloneSupport/UnityEditor.WindowsStandalone.Extensions.dll
Registered in 0.005459 seconds.
Native extension for WindowsStandalone target not found
Refreshing native plugins compatible for Editor in 101.28 ms, found 0 plugins.
Preloading 0 native plugins for Editor in 0.00 ms.
Mono: successfully reloaded assembly
- Completed reload, in  4.523 seconds
Platform modules already initialized, skipping
Registering precompiled user dll's ...
Registered in 0.004021 seconds.
Begin MonoManager ReloadAssembly
Native extension for WindowsStandalone target not found
Refreshing native plugins compatible for Editor in 111.13 ms, found 0 plugins.
Preloading 0 native plugins for Editor in 0.00 ms.
Mono: successfully reloaded assembly
- Completed reload, in  2.349 seconds
Platform modules already initialized, skipping
========================================================================
Worker process is ready to serve import requests
Shader 'Universal Render Pipeline/Particles/Lit': fallback shader 'Universal Render Pipeline/Particles/SimpleLit' not found
Launched and connected shader compiler UnityShaderCompiler.exe after 0.16 seconds
Refreshing native plugins compatible for Editor in 0.71 ms, found 0 plugins.
Preloading 0 native plugins for Editor in 0.00 ms.
Unloading 2580 Unused Serialized files (Serialized files now loaded: 0)
System memory in use before: 120.0 MB.
System memory in use after: 120.2 MB.

Unloading 11 unused Assets to reduce memory usage. Loaded Objects now: 3024.
Total: 4.793700 ms (FindLiveObjects: 0.499600 ms CreateObjectMapping: 0.331700 ms MarkObjects: 3.825100 ms  DeleteObjects: 0.135000 ms)

========================================================================
Received Import Request.
  path: Assets/Prefabs
  artifactKey: Guid(dfd0ad708f9027c4cbb9d5b92cb617d9) Importer(815301076,1909f56bfc062723c751e8b465ee728b)
Start importing Assets/Prefabs using Guid(dfd0ad708f9027c4cbb9d5b92cb617d9) Importer(815301076,1909f56bfc062723c751e8b465ee728b)  -> (artifact id: '30f8bd24e795f3cd613c115f75cb0b86') in 0.015413 seconds
  Import took 0.025011 seconds .

========================================================================
Received Import Request.
  Time since last request: 0.000895 seconds.
  path: Assets/Prefabs/Police.prefab
  artifactKey: Guid(913b1645b793794479df12bdd0de12a9) Importer(815301076,1909f56bfc062723c751e8b465ee728b)
Start importing Assets/Prefabs/Police.prefab using Guid(913b1645b793794479df12bdd0de12a9) Importer(815301076,1909f56bfc062723c751e8b465ee728b)  -> (artifact id: 'aca6f8b31989a31081f75cbc6f83d0b0') in 0.523784 seconds
  Import took 0.533487 seconds .

========================================================================
Received Prepare
Shader 'Universal Render Pipeline/Particles/Lit': fallback shader 'Universal Render Pipeline/Particles/SimpleLit' not found
Refreshing native plugins compatible for Editor in 1.39 ms, found 0 plugins.
Preloading 0 native plugins for Editor in 0.00 ms.
Unloading 3 Unused Serialized files (Serialized files now loaded: 0)
System memory in use before: 68.7 MB.
System memory in use after: 69.0 MB.

Unloading 3 unused Assets to reduce memory usage. Loaded Objects now: 3097.
Total: 3.306900 ms (FindLiveObjects: 0.326100 ms CreateObjectMapping: 0.152500 ms MarkObjects: 2.801100 ms  DeleteObjects: 0.025900 ms)

========================================================================
Received Import Request.
  Time since last request: 239.191575 seconds.
  path: Assets/Prefabs/GoodPerson.prefab
  artifactKey: Guid(a00ef3879ba9e6843beb6dac864e5c58) Importer(815301076,1909f56bfc062723c751e8b465ee728b)
Start importing Assets/Prefabs/GoodPerson.prefab using Guid(a00ef3879ba9e6843beb6dac864e5c58) Importer(815301076,1909f56bfc062723c751e8b465ee728b)  -> (artifact id: '88ae26b1577960871a58eda2cfb8eed7') in 0.042110 seconds
  Import took 0.048529 seconds .

========================================================================
Received Import Request.
  Time since last request: 190.981101 seconds.
  path: Assets/Scripts/Lena/TargetScript.cs
  artifactKey: Guid(6411e235ad979864593cafdc4004fd13) Importer(815301076,1909f56bfc062723c751e8b465ee728b)
Start importing Assets/Scripts/Lena/TargetScript.cs using Guid(6411e235ad979864593cafdc4004fd13) Importer(815301076,1909f56bfc062723c751e8b465ee728b)  -> (artifact id: '417fc209bec5f2bf1975e8878c996bce') in 0.005230 seconds
  Import took 0.010873 seconds .

========================================================================
Received Import Request.
  Time since last request: 10.535919 seconds.
  path: Assets/Scripts/Lena/TestPlayerScript.cs
  artifactKey: Guid(86222d63109a8a0428c9d6cb8fe53224) Importer(815301076,1909f56bfc062723c751e8b465ee728b)
Start importing Assets/Scripts/Lena/TestPlayerScript.cs using Guid(86222d63109a8a0428c9d6cb8fe53224) Importer(815301076,1909f56bfc062723c751e8b465ee728b)  -> (artifact id: '312956b0a26449199a1ce0b8ca91374d') in 0.002082 seconds
  Import took 0.006326 seconds .

========================================================================
Received Import Request.
  Time since last request: 0.004338 seconds.
  path: Assets/Scripts/Lena/TestPlayerScript.cs
  artifactKey: Guid(86222d63109a8a0428c9d6cb8fe53224) Importer(815301076,1909f56bfc062723c751e8b465ee728b)
Start importing Assets/Scripts/Lena/TestPlayerScript.cs using Guid(86222d63109a8a0428c9d6cb8fe53224) Importer(815301076,1909f56bfc062723c751e8b465ee728b)  -> (artifact id: '312956b0a26449199a1ce0b8ca91374d') in 0.002192 seconds
  Import took 0.007036 seconds .

========================================================================
Received Import Request.
  Time since last request: 251.456263 seconds.
  path: Assets/Scripts/Lena/TestPlayerScript.cs
  artifactKey: Guid(86222d63109a8a0428c9d6cb8fe53224) Importer(815301076,1909f56bfc062723c751e8b465ee728b)
Start importing Assets/Scripts/Lena/TestPlayerScript.cs using Guid(86222d63109a8a0428c9d6cb8fe53224) Importer(815301076,1909f56bfc062723c751e8b465ee728b)  -> (artifact id: '7334c40484b902b6518511e25b80ab17') in 0.002960 seconds
  Import took 0.008633 seconds .

========================================================================
Received Prepare
Registering precompiled user dll's ...
Registered in 0.002755 seconds.
Begin MonoManager ReloadAssembly
Native extension for WindowsStandalone target not found
Refreshing native plugins compatible for Editor in 0.69 ms, found 0 plugins.
Preloading 0 native plugins for Editor in 0.00 ms.
Mono: successfully reloaded assembly
- Completed reload, in  1.933 seconds
Platform modules already initialized, skipping
Shader 'Universal Render Pipeline/Particles/Lit': fallback shader 'Universal Render Pipeline/Particles/SimpleLit' not found
Refreshing native plugins compatible for Editor in 0.42 ms, found 0 plugins.
Preloading 0 native plugins for Editor in 0.00 ms.
Unloading 2469 Unused Serialized files (Serialized files now loaded: 0)
System memory in use before: 118.2 MB.
System memory in use after: 118.4 MB.

Unloading 8 unused Assets to reduce memory usage. Loaded Objects now: 3073.
Total: 2.629700 ms (FindLiveObjects: 0.290400 ms CreateObjectMapping: 0.138700 ms MarkObjects: 2.164000 ms  DeleteObjects: 0.035500 ms)

========================================================================
Received Prepare
Registering precompiled user dll's ...
Registered in 0.004535 seconds.
Begin MonoManager ReloadAssembly
Native extension for WindowsStandalone target not found
Refreshing native plugins compatible for Editor in 0.74 ms, found 0 plugins.
Preloading 0 native plugins for Editor in 0.00 ms.
Mono: successfully reloaded assembly
- Completed reload, in  2.252 seconds
Platform modules already initialized, skipping
Shader 'Universal Render Pipeline/Particles/Lit': fallback shader 'Universal Render Pipeline/Particles/SimpleLit' not found
Refreshing native plugins compatible for Editor in 0.74 ms, found 0 plugins.
Preloading 0 native plugins for Editor in 0.00 ms.
Unloading 2469 Unused Serialized files (Serialized files now loaded: 0)
System memory in use before: 118.3 MB.
System memory in use after: 118.5 MB.

Unloading 6 unused Assets to reduce memory usage. Loaded Objects now: 3076.
Total: 5.671900 ms (FindLiveObjects: 0.433600 ms CreateObjectMapping: 0.269600 ms MarkObjects: 4.930000 ms  DeleteObjects: 0.036500 ms)

========================================================================
Received Import Request.
  Time since last request: 202.102054 seconds.
  path: Assets/Prefabs/SliderRob (1).prefab
  artifactKey: Guid(1df4332df7215114e91c14d50a67be01) Importer(815301076,1909f56bfc062723c751e8b465ee728b)
Start importing Assets/Prefabs/SliderRob (1).prefab using Guid(1df4332df7215114e91c14d50a67be01) Importer(815301076,1909f56bfc062723c751e8b465ee728b)  -> (artifact id: '6e7d3c423c9ba2811c0bad33797a6eaf') in 0.052010 seconds
  Import took 0.057881 seconds .

========================================================================
Received Import Request.
  Time since last request: 0.000802 seconds.
  path: Assets/Prefabs/SliderRob (1).prefab
  artifactKey: Guid(1df4332df7215114e91c14d50a67be01) Importer(815301076,1909f56bfc062723c751e8b465ee728b)
Start importing Assets/Prefabs/SliderRob (1).prefab using Guid(1df4332df7215114e91c14d50a67be01) Importer(815301076,1909f56bfc062723c751e8b465ee728b)  -> (artifact id: '6e7d3c423c9ba2811c0bad33797a6eaf') in 0.005656 seconds
  Import took 0.011204 seconds .

========================================================================
Received Import Request.
  Time since last request: 4.535277 seconds.
  path: Assets/Prefabs/SliderRob.prefab
  artifactKey: Guid(1df4332df7215114e91c14d50a67be01) Importer(815301076,1909f56bfc062723c751e8b465ee728b)
Start importing Assets/Prefabs/SliderRob.prefab using Guid(1df4332df7215114e91c14d50a67be01) Importer(815301076,1909f56bfc062723c751e8b465ee728b)  -> (artifact id: 'bd64ab5a5d38a3f19b1236c5ad72b54d') in 0.009335 seconds
  Import took 0.015699 seconds .

========================================================================
Received Import Request.
  Time since last request: 262.467039 seconds.
  path: Assets/Resourses
  artifactKey: Guid(5ee696053cc2d1b4a9fd96c76d763731) Importer(815301076,1909f56bfc062723c751e8b465ee728b)
Start importing Assets/Resourses using Guid(5ee696053cc2d1b4a9fd96c76d763731) Importer(815301076,1909f56bfc062723c751e8b465ee728b)  -> (artifact id: 'cc5a04874db6effbed8c7e24f0c34a0c') in 0.003691 seconds
  Import took 0.009839 seconds .

========================================================================
Received Import Request.
  Time since last request: 192.430192 seconds.
  path: Assets/Resources
  artifactKey: Guid(5ee696053cc2d1b4a9fd96c76d763731) Importer(815301076,1909f56bfc062723c751e8b465ee728b)
Start importing Assets/Resources using Guid(5ee696053cc2d1b4a9fd96c76d763731) Importer(815301076,1909f56bfc062723c751e8b465ee728b)  -> (artifact id: '4730947e7e542510c4ff672f622362cc') in 0.004058 seconds
  Import took 0.010209 seconds .

========================================================================
Received Prepare
Registering precompiled user dll's ...
Registered in 0.003392 seconds.
Begin MonoManager ReloadAssembly
Native extension for WindowsStandalone target not found
Refreshing native plugins compatible for Editor in 0.49 ms, found 0 plugins.
Preloading 0 native plugins for Editor in 0.00 ms.
Mono: successfully reloaded assembly
- Completed reload, in  1.585 seconds
Platform modules already initialized, skipping
Shader 'Universal Render Pipeline/Particles/Lit': fallback shader 'Universal Render Pipeline/Particles/SimpleLit' not found
Refreshing native plugins compatible for Editor in 0.42 ms, found 0 plugins.
Preloading 0 native plugins for Editor in 0.00 ms.
Unloading 2469 Unused Serialized files (Serialized files now loaded: 0)
System memory in use before: 118.3 MB.
System memory in use after: 118.5 MB.

Unloading 8 unused Assets to reduce memory usage. Loaded Objects now: 3079.
Total: 2.517600 ms (FindLiveObjects: 0.308300 ms CreateObjectMapping: 0.144900 ms MarkObjects: 2.032400 ms  DeleteObjects: 0.030500 ms)

========================================================================
Received Prepare
Registering precompiled user dll's ...
Registered in 0.004478 seconds.
Begin MonoManager ReloadAssembly
Native extension for WindowsStandalone target not found
Refreshing native plugins compatible for Editor in 0.69 ms, found 0 plugins.
Preloading 0 native plugins for Editor in 0.00 ms.
Mono: successfully reloaded assembly
- Completed reload, in  2.225 seconds
Platform modules already initialized, skipping
Shader 'Universal Render Pipeline/Particles/Lit': fallback shader 'Universal Render Pipeline/Particles/SimpleLit' not found
Refreshing native plugins compatible for Editor in 0.71 ms, found 0 plugins.
Preloading 0 native plugins for Editor in 0.00 ms.
Unloading 2469 Unused Serialized files (Serialized files now loaded: 0)
System memory in use before: 118.3 MB.
System memory in use after: 118.5 MB.

Unloading 6 unused Assets to reduce memory usage. Loaded Objects now: 3082.
Total: 4.585700 ms (FindLiveObjects: 0.494200 ms CreateObjectMapping: 0.275700 ms MarkObjects: 3.777700 ms  DeleteObjects: 0.035400 ms)

========================================================================
Received Prepare
Registering precompiled user dll's ...
Registered in 0.003877 seconds.
Begin MonoManager ReloadAssembly
Native extension for WindowsStandalone target not found
Refreshing native plugins compatible for Editor in 0.73 ms, found 0 plugins.
Preloading 0 native plugins for Editor in 0.00 ms.
Mono: successfully reloaded assembly
- Completed reload, in  2.136 seconds
Platform modules already initialized, skipping
Shader 'Universal Render Pipeline/Particles/Lit': fallback shader 'Universal Render Pipeline/Particles/SimpleLit' not found
Refreshing native plugins compatible for Editor in 1.15 ms, found 0 plugins.
Preloading 0 native plugins for Editor in 0.00 ms.
Unloading 2469 Unused Serialized files (Serialized files now loaded: 0)
System memory in use before: 118.2 MB.
System memory in use after: 118.4 MB.

Unloading 6 unused Assets to reduce memory usage. Loaded Objects now: 3085.
Total: 4.530200 ms (FindLiveObjects: 0.569500 ms CreateObjectMapping: 0.266000 ms MarkObjects: 3.663400 ms  DeleteObjects: 0.028800 ms)

========================================================================
Received Import Request.
  Time since last request: 610.055235 seconds.
  path: Assets/Scripts/Dann/ColorChange.cs
  artifactKey: Guid(38352f52983abda43a2422ed1e816352) Importer(815301076,1909f56bfc062723c751e8b465ee728b)
Start importing Assets/Scripts/Dann/ColorChange.cs using Guid(38352f52983abda43a2422ed1e816352) Importer(815301076,1909f56bfc062723c751e8b465ee728b)  -> (artifact id: '1f4f8ead8065648666500af08147ed65') in 0.019961 seconds
  Import took 0.031948 seconds .

========================================================================
Received Prepare
Registering precompiled user dll's ...
Registered in 0.003633 seconds.
Begin MonoManager ReloadAssembly
Native extension for WindowsStandalone target not found
Refreshing native plugins compatible for Editor in 0.71 ms, found 0 plugins.
Preloading 0 native plugins for Editor in 0.00 ms.
Mono: successfully reloaded assembly
- Completed reload, in  2.134 seconds
Platform modules already initialized, skipping
Shader 'Universal Render Pipeline/Particles/Lit': fallback shader 'Universal Render Pipeline/Particles/SimpleLit' not found
Refreshing native plugins compatible for Editor in 0.70 ms, found 0 plugins.
Preloading 0 native plugins for Editor in 0.00 ms.
Unloading 2469 Unused Serialized files (Serialized files now loaded: 0)
System memory in use before: 118.3 MB.
System memory in use after: 118.5 MB.

Unloading 6 unused Assets to reduce memory usage. Loaded Objects now: 3088.
Total: 4.542300 ms (FindLiveObjects: 0.542200 ms CreateObjectMapping: 0.314700 ms MarkObjects: 3.653000 ms  DeleteObjects: 0.029200 ms)

========================================================================
Received Prepare
Registering precompiled user dll's ...
Registered in 0.004355 seconds.
Begin MonoManager ReloadAssembly
Native extension for WindowsStandalone target not found
Refreshing native plugins compatible for Editor in 0.70 ms, found 0 plugins.
Preloading 0 native plugins for Editor in 0.00 ms.
Mono: successfully reloaded assembly
- Completed reload, in  2.462 seconds
Platform modules already initialized, skipping
Shader 'Universal Render Pipeline/Particles/Lit': fallback shader 'Universal Render Pipeline/Particles/SimpleLit' not found
Refreshing native plugins compatible for Editor in 0.71 ms, found 0 plugins.
Preloading 0 native plugins for Editor in 0.00 ms.
Unloading 2469 Unused Serialized files (Serialized files now loaded: 0)
System memory in use before: 118.3 MB.
System memory in use after: 118.5 MB.

Unloading 6 unused Assets to reduce memory usage. Loaded Objects now: 3091.
Total: 4.761700 ms (FindLiveObjects: 0.569800 ms CreateObjectMapping: 0.290900 ms MarkObjects: 3.869800 ms  DeleteObjects: 0.028900 ms)

========================================================================
Received Prepare
Registering precompiled user dll's ...
Registered in 0.003941 seconds.
Begin MonoManager ReloadAssembly
Native extension for WindowsStandalone target not found
Refreshing native plugins compatible for Editor in 0.72 ms, found 0 plugins.
Preloading 0 native plugins for Editor in 0.00 ms.
Mono: successfully reloaded assembly
- Completed reload, in  2.148 seconds
Platform modules already initialized, skipping
Shader 'Universal Render Pipeline/Particles/Lit': fallback shader 'Universal Render Pipeline/Particles/SimpleLit' not found
Refreshing native plugins compatible for Editor in 0.75 ms, found 0 plugins.
Preloading 0 native plugins for Editor in 0.00 ms.
Unloading 2469 Unused Serialized files (Serialized files now loaded: 0)
System memory in use before: 118.3 MB.
System memory in use after: 118.6 MB.

Unloading 6 unused Assets to reduce memory usage. Loaded Objects now: 3094.
Total: 5.755500 ms (FindLiveObjects: 0.691800 ms CreateObjectMapping: 0.515800 ms MarkObjects: 4.509700 ms  DeleteObjects: 0.035000 ms)

========================================================================
Received Prepare
Registering precompiled user dll's ...
Registered in 0.003398 seconds.
Begin MonoManager ReloadAssembly
Native extension for WindowsStandalone target not found
Refreshing native plugins compatible for Editor in 0.87 ms, found 0 plugins.
Preloading 0 native plugins for Editor in 0.00 ms.
Mono: successfully reloaded assembly
- Completed reload, in  2.457 seconds
Platform modules already initialized, skipping
Shader 'Universal Render Pipeline/Particles/Lit': fallback shader 'Universal Render Pipeline/Particles/SimpleLit' not found
Refreshing native plugins compatible for Editor in 0.74 ms, found 0 plugins.
Preloading 0 native plugins for Editor in 0.00 ms.
Unloading 2469 Unused Serialized files (Serialized files now loaded: 0)
System memory in use before: 118.3 MB.
System memory in use after: 118.6 MB.

Unloading 6 unused Assets to reduce memory usage. Loaded Objects now: 3097.
Total: 4.903400 ms (FindLiveObjects: 0.472400 ms CreateObjectMapping: 0.269600 ms MarkObjects: 4.125400 ms  DeleteObjects: 0.034000 ms)

========================================================================
Received Prepare
Registering precompiled user dll's ...
Registered in 0.003453 seconds.
Begin MonoManager ReloadAssembly
Native extension for WindowsStandalone target not found
Refreshing native plugins compatible for Editor in 0.45 ms, found 0 plugins.
Preloading 0 native plugins for Editor in 0.00 ms.
Mono: successfully reloaded assembly
- Completed reload, in  1.375 seconds
Platform modules already initialized, skipping
Shader 'Universal Render Pipeline/Particles/Lit': fallback shader 'Universal Render Pipeline/Particles/SimpleLit' not found
Refreshing native plugins compatible for Editor in 0.51 ms, found 0 plugins.
Preloading 0 native plugins for Editor in 0.00 ms.
Unloading 2469 Unused Serialized files (Serialized files now loaded: 0)
System memory in use before: 118.2 MB.
System memory in use after: 118.5 MB.

Unloading 6 unused Assets to reduce memory usage. Loaded Objects now: 3100.
Total: 2.816500 ms (FindLiveObjects: 0.286700 ms CreateObjectMapping: 0.119400 ms MarkObjects: 2.388800 ms  DeleteObjects: 0.020600 ms)

========================================================================
Received Prepare
Registering precompiled user dll's ...
Registered in 0.003409 seconds.
Begin MonoManager ReloadAssembly
Native extension for WindowsStandalone target not found
Refreshing native plugins compatible for Editor in 0.70 ms, found 0 plugins.
Preloading 0 native plugins for Editor in 0.00 ms.
Mono: successfully reloaded assembly
- Completed reload, in  2.354 seconds
Platform modules already initialized, skipping
Shader 'Universal Render Pipeline/Particles/Lit': fallback shader 'Universal Render Pipeline/Particles/SimpleLit' not found
Refreshing native plugins compatible for Editor in 1.30 ms, found 0 plugins.
Preloading 0 native plugins for Editor in 0.00 ms.
Unloading 2469 Unused Serialized files (Serialized files now loaded: 0)
System memory in use before: 118.4 MB.
System memory in use after: 118.6 MB.

Unloading 6 unused Assets to reduce memory usage. Loaded Objects now: 3103.
Total: 5.029600 ms (FindLiveObjects: 0.736300 ms CreateObjectMapping: 0.367200 ms MarkObjects: 3.879900 ms  DeleteObjects: 0.041000 ms)

========================================================================
Received Prepare
Registering precompiled user dll's ...
Registered in 0.003496 seconds.
Begin MonoManager ReloadAssembly
Native extension for WindowsStandalone target not found
Refreshing native plugins compatible for Editor in 0.76 ms, found 0 plugins.
Preloading 0 native plugins for Editor in 0.00 ms.
Mono: successfully reloaded assembly
- Completed reload, in  2.341 seconds
Platform modules already initialized, skipping
Shader 'Universal Render Pipeline/Particles/Lit': fallback shader 'Universal Render Pipeline/Particles/SimpleLit' not found
Refreshing native plugins compatible for Editor in 1.49 ms, found 0 plugins.
Preloading 0 native plugins for Editor in 0.00 ms.
Unloading 2469 Unused Serialized files (Serialized files now loaded: 0)
System memory in use before: 118.4 MB.
System memory in use after: 118.6 MB.

Unloading 6 unused Assets to reduce memory usage. Loaded Objects now: 3106.
Total: 5.297300 ms (FindLiveObjects: 0.896700 ms CreateObjectMapping: 0.505700 ms MarkObjects: 3.863400 ms  DeleteObjects: 0.029400 ms)

========================================================================
Received Import Request.
  Time since last request: 2438.369468 seconds.
  path: Assets/Prefabs/Person.prefab
  artifactKey: Guid(3003ba0a73f2d314db2f78c97d8ecd79) Importer(815301076,1909f56bfc062723c751e8b465ee728b)
Start importing Assets/Prefabs/Person.prefab using Guid(3003ba0a73f2d314db2f78c97d8ecd79) Importer(815301076,1909f56bfc062723c751e8b465ee728b)  -> (artifact id: '845dd550bb5b9a04c1dbf500c9004419') in 0.403997 seconds
  Import took 0.413907 seconds .

========================================================================
Received Import Request.
  Time since last request: 20.927916 seconds.
  path: Assets/Resources/GoodPerson.prefab
  artifactKey: Guid(8f75ac209429b4945941851b29d633f1) Importer(815301076,1909f56bfc062723c751e8b465ee728b)
Start importing Assets/Resources/GoodPerson.prefab using Guid(8f75ac209429b4945941851b29d633f1) Importer(815301076,1909f56bfc062723c751e8b465ee728b)  -> (artifact id: '785cdfbf037a5025af854ec5b93f1314') in 0.086447 seconds
  Import took 0.099052 seconds .

========================================================================
Received Import Request.
  Time since last request: 0.002064 seconds.
  path: Assets/Resources/GoodPerson.prefab
  artifactKey: Guid(8f75ac209429b4945941851b29d633f1) Importer(815301076,1909f56bfc062723c751e8b465ee728b)
Start importing Assets/Resources/GoodPerson.prefab using Guid(8f75ac209429b4945941851b29d633f1) Importer(815301076,1909f56bfc062723c751e8b465ee728b)  -> (artifact id: '785cdfbf037a5025af854ec5b93f1314') in 0.020389 seconds
  Import took 0.032778 seconds .

========================================================================
Received Import Request.
  Time since last request: 17.515074 seconds.
  path: Assets/Prefabs/GoodPerson (1).prefab
  artifactKey: Guid(b5a876f8f5fff614ba3cf4e6ec06cb58) Importer(815301076,1909f56bfc062723c751e8b465ee728b)
Start importing Assets/Prefabs/GoodPerson (1).prefab using Guid(b5a876f8f5fff614ba3cf4e6ec06cb58) Importer(815301076,1909f56bfc062723c751e8b465ee728b)  -> (artifact id: '4571cde5794de92ddc668dbe964119f9') in 0.019250 seconds
  Import took 0.025133 seconds .

========================================================================
Received Import Request.
  Time since last request: 5.849877 seconds.
  path: Assets/Prefabs/GoodPerson.prefab
  artifactKey: Guid(b5a876f8f5fff614ba3cf4e6ec06cb58) Importer(815301076,1909f56bfc062723c751e8b465ee728b)
Start importing Assets/Prefabs/GoodPerson.prefab using Guid(b5a876f8f5fff614ba3cf4e6ec06cb58) Importer(815301076,1909f56bfc062723c751e8b465ee728b)  -> (artifact id: '23093ffac70a0b780fac2a8bec84c71a') in 0.020552 seconds
  Import took 0.027388 seconds .

========================================================================
Received Import Request.
  Time since last request: 3.098836 seconds.
  path: Assets/Prefabs/GoodPerson 1.prefab
  artifactKey: Guid(bc32ab2cbc0b4814baf99438d698354e) Importer(815301076,1909f56bfc062723c751e8b465ee728b)
Start importing Assets/Prefabs/GoodPerson 1.prefab using Guid(bc32ab2cbc0b4814baf99438d698354e) Importer(815301076,1909f56bfc062723c751e8b465ee728b)  -> (artifact id: 'e2344b024180a04457ab132d902db6fe') in 0.015662 seconds
  Import took 0.022931 seconds .

========================================================================
Received Import Request.
  Time since last request: 7.633194 seconds.
  path: Assets/Prefabs/BadPerson.prefab
  artifactKey: Guid(bc32ab2cbc0b4814baf99438d698354e) Importer(815301076,1909f56bfc062723c751e8b465ee728b)
Start importing Assets/Prefabs/BadPerson.prefab using Guid(bc32ab2cbc0b4814baf99438d698354e) Importer(815301076,1909f56bfc062723c751e8b465ee728b)  -> (artifact id: '7e70fc0de3759e0dce51bc392b3ef5bd') in 0.016871 seconds
  Import took 0.022870 seconds .

========================================================================
Received Import Request.
  Time since last request: 8.466822 seconds.
  path: Assets/Prefabs/BadPerson.prefab
  artifactKey: Guid(bc32ab2cbc0b4814baf99438d698354e) Importer(815301076,1909f56bfc062723c751e8b465ee728b)
Start importing Assets/Prefabs/BadPerson.prefab using Guid(bc32ab2cbc0b4814baf99438d698354e) Importer(815301076,1909f56bfc062723c751e8b465ee728b)  -> (artifact id: '0098328142e5446c69a53d89525408ca') in 0.019671 seconds
  Import took 0.030172 seconds .

========================================================================
Received Import Request.
  Time since last request: 3.006187 seconds.
  path: Assets/Prefabs/BadPerson 1.prefab
  artifactKey: Guid(6bf11c39f34d3a940a9abab0d0d922f5) Importer(815301076,1909f56bfc062723c751e8b465ee728b)
Start importing Assets/Prefabs/BadPerson 1.prefab using Guid(6bf11c39f34d3a940a9abab0d0d922f5) Importer(815301076,1909f56bfc062723c751e8b465ee728b)  -> (artifact id: 'ab48b302e937de97ca701dac2e77a6bf') in 0.032284 seconds
  Import took 0.044115 seconds .

========================================================================
Received Import Request.
  Time since last request: 4.401519 seconds.
  path: Assets/Prefabs/Crowd.prefab
  artifactKey: Guid(6bf11c39f34d3a940a9abab0d0d922f5) Importer(815301076,1909f56bfc062723c751e8b465ee728b)
Start importing Assets/Prefabs/Crowd.prefab using Guid(6bf11c39f34d3a940a9abab0d0d922f5) Importer(815301076,1909f56bfc062723c751e8b465ee728b)  -> (artifact id: '97b03c8677af35f42456c516c02450d3') in 0.016219 seconds
  Import took 0.022563 seconds .

========================================================================
Received Import Request.
  Time since last request: 7.525345 seconds.
  path: Assets/Prefabs/Crowd.prefab
  artifactKey: Guid(6bf11c39f34d3a940a9abab0d0d922f5) Importer(815301076,1909f56bfc062723c751e8b465ee728b)
Start importing Assets/Prefabs/Crowd.prefab using Guid(6bf11c39f34d3a940a9abab0d0d922f5) Importer(815301076,1909f56bfc062723c751e8b465ee728b)  -> (artifact id: '3a491e2442c2b815c219f55dd39afec2') in 0.017534 seconds
  Import took 0.026384 seconds .

AssetImportWorkerClient::OnTransportError - code=2 error=End of file
